<?xml version="1.0" encoding="UTF-8"?>
<!-- Generated by org.testng.reporters.JUnitReportReporter -->
<testsuite hostname="LAPTOP-BK4MAGLA" failures="0" tests="1" name="testNG.Remo1" time="6.791" errors="0" timestamp="2023-07-18T17:28:23 IST" skipped="0">
  <testcase classname="testNG.Remo1" name="method2" time="6.791">
    <system-out>
      <![CDATA[This is a Remo1 class]]>
    </system-out>
  </testcase> <!-- method2 -->
  <system-out>
    <![CDATA[This is a Remo1 class
This is a Demo1 class
This is a Sumo1 class]]>
  </system-out>
</testsuite> <!-- testNG.Remo1 -->
